2025-02-06 22:16:07,577 - MetalDock - INFO - #==============================================================================#
2025-02-06 22:16:07,577 - MetalDock - INFO - STARTING MONTE CARLO OPTIMIZATION
2025-02-06 22:16:07,577 - MetalDock - INFO - #==============================================================================#
2025-02-06 22:16:17,710 - MetalDock - INFO - #------------------------------------#
2025-02-06 22:16:17,710 - MetalDock - INFO - compound_1

2025-02-06 22:16:17,710 - MetalDock - INFO - #------------------------------------#
2025-02-06 22:16:17,710 - MetalDock - INFO - RMSD for Conformation   1 =   5.5015
2025-02-06 22:16:17,710 - MetalDock - INFO - Average RMSD              =   5.5015
2025-02-06 22:16:17,710 - MetalDock - INFO - Standard Deviation RMSD   =   0.0000
2025-02-06 22:16:17,710 - MetalDock - INFO - Variance RMSD             =   0.0000

2025-02-06 22:16:17,710 - MetalDock - INFO - #==============================================================================#
2025-02-06 22:16:17,710 - MetalDock - INFO -  MONTE CARLO STEP    1
2025-02-06 22:16:17,711 - MetalDock - INFO - #==============================================================================#
2025-02-06 22:16:28,088 - MetalDock - INFO - #------------------------------------#
2025-02-06 22:16:28,088 - MetalDock - INFO - compound_1

2025-02-06 22:16:28,088 - MetalDock - INFO - #------------------------------------#
2025-02-06 22:16:28,088 - MetalDock - INFO - RMSD for Conformation   1 =   5.6073
2025-02-06 22:16:28,088 - MetalDock - INFO - Average RMSD              =   5.6073
2025-02-06 22:16:28,088 - MetalDock - INFO - Standard Deviation RMSD   =   0.0000
2025-02-06 22:16:28,089 - MetalDock - INFO - Variance RMSD             =   0.0000

2025-02-06 22:16:28,089 - MetalDock - INFO - RMSD: 5.60728
2025-02-06 22:16:28,089 - MetalDock - INFO - PARAMETER SET: [0.24133440718538723, 2, 2, 2]

2025-02-06 22:16:28,089 - MetalDock - INFO - BEST RMSD: 5.50152
2025-02-06 22:16:28,089 - MetalDock - INFO - BEST PARAMETER SET: [2, 2, 2, 2]

2025-02-06 22:16:28,089 - MetalDock - INFO - ACCEPTED WITH HIGHER RMSD
2025-02-06 22:16:28,089 - MetalDock - INFO - NEW PARAMETER SET: [0.24133440718538723, 2, 2, 2]

2025-02-06 22:16:28,090 - MetalDock - INFO - #==============================================================================#
2025-02-06 22:16:28,090 - MetalDock - INFO -  MONTE CARLO STEP    2
2025-02-06 22:16:28,090 - MetalDock - INFO - #==============================================================================#
2025-02-06 22:16:38,359 - MetalDock - INFO - #------------------------------------#
2025-02-06 22:16:38,361 - MetalDock - INFO - compound_1

2025-02-06 22:16:38,361 - MetalDock - INFO - #------------------------------------#
2025-02-06 22:16:38,361 - MetalDock - INFO - RMSD for Conformation   1 =   5.5107
2025-02-06 22:16:38,361 - MetalDock - INFO - Average RMSD              =   5.5107
2025-02-06 22:16:38,361 - MetalDock - INFO - Standard Deviation RMSD   =   0.0000
2025-02-06 22:16:38,361 - MetalDock - INFO - Variance RMSD             =   0.0000

2025-02-06 22:16:38,362 - MetalDock - INFO - RMSD: 5.51066
2025-02-06 22:16:38,362 - MetalDock - INFO - PARAMETER SET: [0.24133440718538723, 1.9022427948294895, 2, 2]

2025-02-06 22:16:38,362 - MetalDock - INFO - BEST RMSD: 5.60728
2025-02-06 22:16:38,362 - MetalDock - INFO - BEST PARAMETER SET: [0.24133440718538723, 2, 2, 2]

2025-02-06 22:16:38,362 - MetalDock - INFO - PARAMETER SET ACCEPTED
2025-02-06 22:16:38,362 - MetalDock - INFO - NEW BEST PARAMETER SET: [0.24133440718538723, 1.9022427948294895, 2, 2]

2025-02-06 22:16:38,362 - MetalDock - INFO - #==============================================================================#
2025-02-06 22:16:38,363 - MetalDock - INFO -  MONTE CARLO STEP    3
2025-02-06 22:16:38,363 - MetalDock - INFO - #==============================================================================#
2025-02-06 22:16:48,435 - MetalDock - INFO - #------------------------------------#
2025-02-06 22:16:48,439 - MetalDock - INFO - compound_1

2025-02-06 22:16:48,439 - MetalDock - INFO - #------------------------------------#
2025-02-06 22:16:48,439 - MetalDock - INFO - RMSD for Conformation   1 =   5.5057
2025-02-06 22:16:48,439 - MetalDock - INFO - Average RMSD              =   5.5057
2025-02-06 22:16:48,439 - MetalDock - INFO - Standard Deviation RMSD   =   0.0000
2025-02-06 22:16:48,439 - MetalDock - INFO - Variance RMSD             =   0.0000

2025-02-06 22:16:48,440 - MetalDock - INFO - RMSD: 5.50573
2025-02-06 22:16:48,440 - MetalDock - INFO - PARAMETER SET: [0.24133440718538723, 1.9022427948294895, 2.84574801163022, 2]

2025-02-06 22:16:48,440 - MetalDock - INFO - BEST RMSD: 5.51066
2025-02-06 22:16:48,440 - MetalDock - INFO - BEST PARAMETER SET: [0.24133440718538723, 1.9022427948294895, 2, 2]

2025-02-06 22:16:48,440 - MetalDock - INFO - PARAMETER SET ACCEPTED
2025-02-06 22:16:48,440 - MetalDock - INFO - NEW BEST PARAMETER SET: [0.24133440718538723, 1.9022427948294895, 2.84574801163022, 2]

2025-02-06 22:16:48,440 - MetalDock - INFO - #==============================================================================#
2025-02-06 22:16:48,440 - MetalDock - INFO -  MONTE CARLO STEP    4
2025-02-06 22:16:48,440 - MetalDock - INFO - #==============================================================================#
2025-02-06 22:16:58,559 - MetalDock - INFO - #------------------------------------#
2025-02-06 22:16:58,560 - MetalDock - INFO - compound_1

2025-02-06 22:16:58,560 - MetalDock - INFO - #------------------------------------#
2025-02-06 22:16:58,560 - MetalDock - INFO - RMSD for Conformation   1 =   5.6149
2025-02-06 22:16:58,560 - MetalDock - INFO - Average RMSD              =   5.6149
2025-02-06 22:16:58,560 - MetalDock - INFO - Standard Deviation RMSD   =   0.0000
2025-02-06 22:16:58,560 - MetalDock - INFO - Variance RMSD             =   0.0000

2025-02-06 22:16:58,560 - MetalDock - INFO - RMSD: 5.61487
2025-02-06 22:16:58,560 - MetalDock - INFO - PARAMETER SET: [0.24133440718538723, 1.9022427948294895, 2.84574801163022, 4.114988453187202]

2025-02-06 22:16:58,560 - MetalDock - INFO - BEST RMSD: 5.50573
2025-02-06 22:16:58,561 - MetalDock - INFO - BEST PARAMETER SET: [0.24133440718538723, 1.9022427948294895, 2.84574801163022, 2]

2025-02-06 22:16:58,561 - MetalDock - INFO - ACCEPTED WITH HIGHER RMSD
2025-02-06 22:16:58,561 - MetalDock - INFO - NEW PARAMETER SET: [0.24133440718538723, 1.9022427948294895, 2.84574801163022, 4.114988453187202]

2025-02-06 22:16:58,561 - MetalDock - INFO - #==============================================================================#
2025-02-06 22:16:58,561 - MetalDock - INFO -  MONTE CARLO STEP    5
2025-02-06 22:16:58,561 - MetalDock - INFO - #==============================================================================#
2025-02-06 22:17:08,672 - MetalDock - INFO - #------------------------------------#
2025-02-06 22:17:08,675 - MetalDock - INFO - compound_1

2025-02-06 22:17:08,675 - MetalDock - INFO - #------------------------------------#
2025-02-06 22:17:08,675 - MetalDock - INFO - RMSD for Conformation   1 =   2.4615
2025-02-06 22:17:08,676 - MetalDock - INFO - Average RMSD              =   2.4615
2025-02-06 22:17:08,676 - MetalDock - INFO - Standard Deviation RMSD   =   0.0000
2025-02-06 22:17:08,676 - MetalDock - INFO - Variance RMSD             =   0.0000

2025-02-06 22:17:08,676 - MetalDock - INFO - RMSD: 2.46152
2025-02-06 22:17:08,676 - MetalDock - INFO - PARAMETER SET: [4.1912677935849345, 1.9022427948294895, 2.84574801163022, 4.114988453187202]

2025-02-06 22:17:08,676 - MetalDock - INFO - BEST RMSD: 5.61487
2025-02-06 22:17:08,676 - MetalDock - INFO - BEST PARAMETER SET: [0.24133440718538723, 1.9022427948294895, 2.84574801163022, 4.114988453187202]

2025-02-06 22:17:08,676 - MetalDock - INFO - PARAMETER SET ACCEPTED
2025-02-06 22:17:08,676 - MetalDock - INFO - NEW BEST PARAMETER SET: [4.1912677935849345, 1.9022427948294895, 2.84574801163022, 4.114988453187202]

2025-02-06 22:17:08,677 - MetalDock - INFO - #==============================================================================#
2025-02-06 22:17:08,677 - MetalDock - INFO -  MONTE CARLO STEP    6
2025-02-06 22:17:08,677 - MetalDock - INFO - #==============================================================================#
2025-02-06 22:17:18,817 - MetalDock - INFO - #------------------------------------#
2025-02-06 22:17:18,817 - MetalDock - INFO - compound_1

2025-02-06 22:17:18,817 - MetalDock - INFO - #------------------------------------#
2025-02-06 22:17:18,818 - MetalDock - INFO - RMSD for Conformation   1 =   2.5008
2025-02-06 22:17:18,818 - MetalDock - INFO - Average RMSD              =   2.5008
2025-02-06 22:17:18,818 - MetalDock - INFO - Standard Deviation RMSD   =   0.0000
2025-02-06 22:17:18,818 - MetalDock - INFO - Variance RMSD             =   0.0000

2025-02-06 22:17:18,818 - MetalDock - INFO - RMSD: 2.50081
2025-02-06 22:17:18,818 - MetalDock - INFO - PARAMETER SET: [4.1912677935849345, 1.234123018359675, 2.84574801163022, 4.114988453187202]

2025-02-06 22:17:18,818 - MetalDock - INFO - BEST RMSD: 2.46152
2025-02-06 22:17:18,818 - MetalDock - INFO - BEST PARAMETER SET: [4.1912677935849345, 1.9022427948294895, 2.84574801163022, 4.114988453187202]

2025-02-06 22:17:18,818 - MetalDock - INFO - ACCEPTED WITH HIGHER RMSD
2025-02-06 22:17:18,818 - MetalDock - INFO - NEW PARAMETER SET: [4.1912677935849345, 1.234123018359675, 2.84574801163022, 4.114988453187202]

2025-02-06 22:17:18,818 - MetalDock - INFO - #==============================================================================#
2025-02-06 22:17:18,819 - MetalDock - INFO -  MONTE CARLO STEP    7
2025-02-06 22:17:18,819 - MetalDock - INFO - #==============================================================================#
2025-02-06 22:17:28,971 - MetalDock - INFO - #------------------------------------#
2025-02-06 22:17:28,972 - MetalDock - INFO - compound_1

2025-02-06 22:17:28,972 - MetalDock - INFO - #------------------------------------#
2025-02-06 22:17:28,972 - MetalDock - INFO - RMSD for Conformation   1 =   2.5604
2025-02-06 22:17:28,972 - MetalDock - INFO - Average RMSD              =   2.5604
2025-02-06 22:17:28,972 - MetalDock - INFO - Standard Deviation RMSD   =   0.0000
2025-02-06 22:17:28,972 - MetalDock - INFO - Variance RMSD             =   0.0000

2025-02-06 22:17:28,972 - MetalDock - INFO - RMSD: 2.56042
2025-02-06 22:17:28,972 - MetalDock - INFO - PARAMETER SET: [4.1912677935849345, 1.234123018359675, 1.8391395079205304, 4.114988453187202]

2025-02-06 22:17:28,972 - MetalDock - INFO - BEST RMSD: 2.50081
2025-02-06 22:17:28,972 - MetalDock - INFO - BEST PARAMETER SET: [4.1912677935849345, 1.234123018359675, 2.84574801163022, 4.114988453187202]

2025-02-06 22:17:28,973 - MetalDock - INFO - ACCEPTED WITH HIGHER RMSD
2025-02-06 22:17:28,973 - MetalDock - INFO - NEW PARAMETER SET: [4.1912677935849345, 1.234123018359675, 1.8391395079205304, 4.114988453187202]

2025-02-06 22:17:28,973 - MetalDock - INFO - #==============================================================================#
2025-02-06 22:17:28,973 - MetalDock - INFO -  MONTE CARLO STEP    8
2025-02-06 22:17:28,973 - MetalDock - INFO - #==============================================================================#
2025-02-06 22:17:38,985 - MetalDock - INFO - #------------------------------------#
2025-02-06 22:17:38,985 - MetalDock - INFO - compound_1

2025-02-06 22:17:38,985 - MetalDock - INFO - #------------------------------------#
2025-02-06 22:17:38,985 - MetalDock - INFO - RMSD for Conformation   1 =   2.4916
2025-02-06 22:17:38,985 - MetalDock - INFO - Average RMSD              =   2.4916
2025-02-06 22:17:38,985 - MetalDock - INFO - Standard Deviation RMSD   =   0.0000
2025-02-06 22:17:38,985 - MetalDock - INFO - Variance RMSD             =   0.0000

2025-02-06 22:17:38,986 - MetalDock - INFO - RMSD: 2.49161
2025-02-06 22:17:38,986 - MetalDock - INFO - PARAMETER SET: [4.1912677935849345, 1.234123018359675, 1.8391395079205304, 5.212704172192555]

2025-02-06 22:17:38,986 - MetalDock - INFO - BEST RMSD: 2.56042
2025-02-06 22:17:38,986 - MetalDock - INFO - BEST PARAMETER SET: [4.1912677935849345, 1.234123018359675, 1.8391395079205304, 4.114988453187202]

2025-02-06 22:17:38,986 - MetalDock - INFO - PARAMETER SET ACCEPTED
2025-02-06 22:17:38,986 - MetalDock - INFO - NEW BEST PARAMETER SET: [4.1912677935849345, 1.234123018359675, 1.8391395079205304, 5.212704172192555]

2025-02-06 22:17:38,987 - MetalDock - INFO - #==============================================================================#
2025-02-06 22:17:38,987 - MetalDock - INFO -  MONTE CARLO STEP    9
2025-02-06 22:17:38,987 - MetalDock - INFO - #==============================================================================#
2025-02-06 22:17:48,996 - MetalDock - INFO - #------------------------------------#
2025-02-06 22:17:48,996 - MetalDock - INFO - compound_1

2025-02-06 22:17:48,996 - MetalDock - INFO - #------------------------------------#
2025-02-06 22:17:48,996 - MetalDock - INFO - RMSD for Conformation   1 =   2.6211
2025-02-06 22:17:48,996 - MetalDock - INFO - Average RMSD              =   2.6211
2025-02-06 22:17:48,996 - MetalDock - INFO - Standard Deviation RMSD   =   0.0000
2025-02-06 22:17:48,996 - MetalDock - INFO - Variance RMSD             =   0.0000

2025-02-06 22:17:48,997 - MetalDock - INFO - RMSD: 2.62108
2025-02-06 22:17:48,997 - MetalDock - INFO - PARAMETER SET: [6.895988779715194, 1.234123018359675, 1.8391395079205304, 5.212704172192555]

2025-02-06 22:17:48,997 - MetalDock - INFO - BEST RMSD: 2.49161
2025-02-06 22:17:48,997 - MetalDock - INFO - BEST PARAMETER SET: [4.1912677935849345, 1.234123018359675, 1.8391395079205304, 5.212704172192555]

2025-02-06 22:17:48,997 - MetalDock - INFO - ACCEPTED WITH HIGHER RMSD
2025-02-06 22:17:48,997 - MetalDock - INFO - NEW PARAMETER SET: [6.895988779715194, 1.234123018359675, 1.8391395079205304, 5.212704172192555]

2025-02-06 22:17:48,997 - MetalDock - INFO - #==============================================================================#
2025-02-06 22:17:48,997 - MetalDock - INFO -  MONTE CARLO STEP   10
2025-02-06 22:17:48,997 - MetalDock - INFO - #==============================================================================#
2025-02-06 22:17:59,121 - MetalDock - INFO - #------------------------------------#
2025-02-06 22:17:59,122 - MetalDock - INFO - compound_1

2025-02-06 22:17:59,122 - MetalDock - INFO - #------------------------------------#
2025-02-06 22:17:59,122 - MetalDock - INFO - RMSD for Conformation   1 =   2.6022
2025-02-06 22:17:59,122 - MetalDock - INFO - Average RMSD              =   2.6022
2025-02-06 22:17:59,122 - MetalDock - INFO - Standard Deviation RMSD   =   0.0000
2025-02-06 22:17:59,122 - MetalDock - INFO - Variance RMSD             =   0.0000

2025-02-06 22:17:59,122 - MetalDock - INFO - RMSD: 2.60222
2025-02-06 22:17:59,122 - MetalDock - INFO - PARAMETER SET: [6.895988779715194, 6.452318693805511, 1.8391395079205304, 5.212704172192555]

2025-02-06 22:17:59,122 - MetalDock - INFO - BEST RMSD: 2.62108
2025-02-06 22:17:59,122 - MetalDock - INFO - BEST PARAMETER SET: [6.895988779715194, 1.234123018359675, 1.8391395079205304, 5.212704172192555]

2025-02-06 22:17:59,122 - MetalDock - INFO - PARAMETER SET ACCEPTED
2025-02-06 22:17:59,122 - MetalDock - INFO - NEW BEST PARAMETER SET: [6.895988779715194, 6.452318693805511, 1.8391395079205304, 5.212704172192555]

2025-02-06 22:17:59,123 - MetalDock - INFO - #==============================================================================#
2025-02-06 22:17:59,123 - MetalDock - INFO -  MONTE CARLO STEP   11
2025-02-06 22:17:59,123 - MetalDock - INFO - #==============================================================================#
2025-02-06 22:18:09,180 - MetalDock - INFO - #------------------------------------#
2025-02-06 22:18:09,181 - MetalDock - INFO - compound_1

2025-02-06 22:18:09,181 - MetalDock - INFO - #------------------------------------#
2025-02-06 22:18:09,181 - MetalDock - INFO - RMSD for Conformation   1 =   2.5918
2025-02-06 22:18:09,182 - MetalDock - INFO - Average RMSD              =   2.5918
2025-02-06 22:18:09,182 - MetalDock - INFO - Standard Deviation RMSD   =   0.0000
2025-02-06 22:18:09,182 - MetalDock - INFO - Variance RMSD             =   0.0000

2025-02-06 22:18:09,182 - MetalDock - INFO - RMSD: 2.59177
2025-02-06 22:18:09,182 - MetalDock - INFO - PARAMETER SET: [6.895988779715194, 6.452318693805511, 1.147755492898749, 5.212704172192555]

2025-02-06 22:18:09,182 - MetalDock - INFO - BEST RMSD: 2.60222
2025-02-06 22:18:09,182 - MetalDock - INFO - BEST PARAMETER SET: [6.895988779715194, 6.452318693805511, 1.8391395079205304, 5.212704172192555]

2025-02-06 22:18:09,182 - MetalDock - INFO - PARAMETER SET ACCEPTED
2025-02-06 22:18:09,182 - MetalDock - INFO - NEW BEST PARAMETER SET: [6.895988779715194, 6.452318693805511, 1.147755492898749, 5.212704172192555]

2025-02-06 22:18:09,184 - MetalDock - INFO - #==============================================================================#
2025-02-06 22:18:09,184 - MetalDock - INFO -  MONTE CARLO STEP   12
2025-02-06 22:18:09,184 - MetalDock - INFO - #==============================================================================#
2025-02-06 22:18:19,298 - MetalDock - INFO - #------------------------------------#
2025-02-06 22:18:19,301 - MetalDock - INFO - compound_1

2025-02-06 22:18:19,301 - MetalDock - INFO - #------------------------------------#
2025-02-06 22:18:19,301 - MetalDock - INFO - RMSD for Conformation   1 =   2.5637
2025-02-06 22:18:19,301 - MetalDock - INFO - Average RMSD              =   2.5637
2025-02-06 22:18:19,301 - MetalDock - INFO - Standard Deviation RMSD   =   0.0000
2025-02-06 22:18:19,301 - MetalDock - INFO - Variance RMSD             =   0.0000

2025-02-06 22:18:19,301 - MetalDock - INFO - RMSD: 2.56373
2025-02-06 22:18:19,301 - MetalDock - INFO - PARAMETER SET: [6.895988779715194, 6.452318693805511, 1.147755492898749, 6.9609479663852705]

2025-02-06 22:18:19,302 - MetalDock - INFO - BEST RMSD: 2.59177
2025-02-06 22:18:19,302 - MetalDock - INFO - BEST PARAMETER SET: [6.895988779715194, 6.452318693805511, 1.147755492898749, 5.212704172192555]

2025-02-06 22:18:19,302 - MetalDock - INFO - PARAMETER SET ACCEPTED
2025-02-06 22:18:19,302 - MetalDock - INFO - NEW BEST PARAMETER SET: [6.895988779715194, 6.452318693805511, 1.147755492898749, 6.9609479663852705]

2025-02-06 22:18:19,304 - MetalDock - INFO - #==============================================================================#
2025-02-06 22:18:19,304 - MetalDock - INFO -  MONTE CARLO STEP   13
2025-02-06 22:18:19,304 - MetalDock - INFO - #==============================================================================#
