2025-02-07 10:02:00,827 - MetalDock - INFO - #==============================================================================#
2025-02-07 10:02:00,827 - MetalDock - INFO - STARTING METALDOCK
2025-02-07 10:02:00,827 - MetalDock - INFO - #==============================================================================#

2025-02-07 10:02:00,830 - MetalDock - INFO - #==============================================================================#
2025-02-07 10:02:00,830 - MetalDock - INFO - STARTING MONTE CARLO OPTIMIZATION
2025-02-07 10:02:00,830 - MetalDock - INFO - #==============================================================================#
2025-02-07 10:02:11,080 - MetalDock - INFO - #------------------------------------#
2025-02-07 10:02:11,080 - MetalDock - INFO - compound_1
2025-02-07 10:02:11,080 - MetalDock - INFO - #------------------------------------#
2025-02-07 10:02:11,080 - MetalDock - INFO - RMSD for Conformation   1 =   5.4984
2025-02-07 10:02:11,080 - MetalDock - INFO - Average RMSD              =   5.4984
2025-02-07 10:02:11,080 - MetalDock - INFO - Standard Deviation RMSD   =   0.0000
2025-02-07 10:02:11,080 - MetalDock - INFO - Variance RMSD             =   0.0000

2025-02-07 10:02:11,080 - MetalDock - INFO - #==============================================================================#
2025-02-07 10:02:11,080 - MetalDock - INFO -  MONTE CARLO STEP    1
2025-02-07 10:02:11,081 - MetalDock - INFO - #==============================================================================#
2025-02-07 10:02:21,306 - MetalDock - INFO - #------------------------------------#
2025-02-07 10:02:21,306 - MetalDock - INFO - compound_1
2025-02-07 10:02:21,306 - MetalDock - INFO - #------------------------------------#
2025-02-07 10:02:21,306 - MetalDock - INFO - RMSD for Conformation   1 =   2.5490
2025-02-07 10:02:21,306 - MetalDock - INFO - Average RMSD              =   2.5490
2025-02-07 10:02:21,306 - MetalDock - INFO - Standard Deviation RMSD   =   0.0000
2025-02-07 10:02:21,306 - MetalDock - INFO - Variance RMSD             =   0.0000

2025-02-07 10:02:21,307 - MetalDock - INFO - RMSD: 2.54902
2025-02-07 10:02:21,307 - MetalDock - INFO - PARAMETER SET: [6.071389799835222, 2, 2, 2]

2025-02-07 10:02:21,307 - MetalDock - INFO - BEST RMSD: 5.49838
2025-02-07 10:02:21,307 - MetalDock - INFO - BEST PARAMETER SET: [2, 2, 2, 2]

2025-02-07 10:02:21,307 - MetalDock - INFO - PARAMETER SET ACCEPTED
2025-02-07 10:02:21,307 - MetalDock - INFO - NEW BEST PARAMETER SET: [6.071389799835222, 2, 2, 2]

2025-02-07 10:02:21,309 - MetalDock - INFO - #==============================================================================#
2025-02-07 10:02:21,309 - MetalDock - INFO -  MONTE CARLO STEP    2
2025-02-07 10:02:21,309 - MetalDock - INFO - #==============================================================================#
2025-02-07 10:02:31,455 - MetalDock - INFO - #------------------------------------#
2025-02-07 10:02:31,455 - MetalDock - INFO - compound_1
2025-02-07 10:02:31,455 - MetalDock - INFO - #------------------------------------#
2025-02-07 10:02:31,455 - MetalDock - INFO - RMSD for Conformation   1 =   2.5824
2025-02-07 10:02:31,455 - MetalDock - INFO - Average RMSD              =   2.5824
2025-02-07 10:02:31,455 - MetalDock - INFO - Standard Deviation RMSD   =   0.0000
2025-02-07 10:02:31,455 - MetalDock - INFO - Variance RMSD             =   0.0000

2025-02-07 10:02:31,456 - MetalDock - INFO - RMSD: 2.58245
2025-02-07 10:02:31,456 - MetalDock - INFO - PARAMETER SET: [6.071389799835222, 4.179218869680203, 2, 2]

2025-02-07 10:02:31,456 - MetalDock - INFO - BEST RMSD: 2.54902
2025-02-07 10:02:31,456 - MetalDock - INFO - BEST PARAMETER SET: [6.071389799835222, 2, 2, 2]

2025-02-07 10:02:31,456 - MetalDock - INFO - ACCEPTED WITH HIGHER RMSD
2025-02-07 10:02:31,456 - MetalDock - INFO - NEW PARAMETER SET: [6.071389799835222, 4.179218869680203, 2, 2]

2025-02-07 10:02:31,457 - MetalDock - INFO - #==============================================================================#
2025-02-07 10:02:31,458 - MetalDock - INFO -  MONTE CARLO STEP    3
2025-02-07 10:02:31,458 - MetalDock - INFO - #==============================================================================#
2025-02-07 10:02:41,528 - MetalDock - INFO - #------------------------------------#
2025-02-07 10:02:41,528 - MetalDock - INFO - compound_1
2025-02-07 10:02:41,528 - MetalDock - INFO - #------------------------------------#
2025-02-07 10:02:41,528 - MetalDock - INFO - RMSD for Conformation   1 =   2.4681
2025-02-07 10:02:41,528 - MetalDock - INFO - Average RMSD              =   2.4681
2025-02-07 10:02:41,528 - MetalDock - INFO - Standard Deviation RMSD   =   0.0000
2025-02-07 10:02:41,528 - MetalDock - INFO - Variance RMSD             =   0.0000

2025-02-07 10:02:41,528 - MetalDock - INFO - RMSD: 2.46809
2025-02-07 10:02:41,528 - MetalDock - INFO - PARAMETER SET: [6.071389799835222, 4.179218869680203, 0.8559790579597403, 2]

2025-02-07 10:02:41,528 - MetalDock - INFO - BEST RMSD: 2.58245
2025-02-07 10:02:41,528 - MetalDock - INFO - BEST PARAMETER SET: [6.071389799835222, 4.179218869680203, 2, 2]

2025-02-07 10:02:41,528 - MetalDock - INFO - PARAMETER SET ACCEPTED
2025-02-07 10:02:41,529 - MetalDock - INFO - NEW BEST PARAMETER SET: [6.071389799835222, 4.179218869680203, 0.8559790579597403, 2]

2025-02-07 10:02:41,530 - MetalDock - INFO - #==============================================================================#
2025-02-07 10:02:41,530 - MetalDock - INFO -  MONTE CARLO STEP    4
2025-02-07 10:02:41,530 - MetalDock - INFO - #==============================================================================#
2025-02-07 10:02:51,615 - MetalDock - INFO - #------------------------------------#
2025-02-07 10:02:51,615 - MetalDock - INFO - compound_1
2025-02-07 10:02:51,615 - MetalDock - INFO - #------------------------------------#
2025-02-07 10:02:51,615 - MetalDock - INFO - RMSD for Conformation   1 =   2.5718
2025-02-07 10:02:51,615 - MetalDock - INFO - Average RMSD              =   2.5718
2025-02-07 10:02:51,615 - MetalDock - INFO - Standard Deviation RMSD   =   0.0000
2025-02-07 10:02:51,615 - MetalDock - INFO - Variance RMSD             =   0.0000

2025-02-07 10:02:51,616 - MetalDock - INFO - RMSD: 2.57182
2025-02-07 10:02:51,616 - MetalDock - INFO - PARAMETER SET: [6.071389799835222, 4.179218869680203, 0.8559790579597403, 4.167340556712971]

2025-02-07 10:02:51,616 - MetalDock - INFO - BEST RMSD: 2.46809
2025-02-07 10:02:51,616 - MetalDock - INFO - BEST PARAMETER SET: [6.071389799835222, 4.179218869680203, 0.8559790579597403, 2]

2025-02-07 10:02:51,616 - MetalDock - INFO - ACCEPTED WITH HIGHER RMSD
2025-02-07 10:02:51,616 - MetalDock - INFO - NEW PARAMETER SET: [6.071389799835222, 4.179218869680203, 0.8559790579597403, 4.167340556712971]

2025-02-07 10:02:51,618 - MetalDock - INFO - #==============================================================================#
2025-02-07 10:02:51,618 - MetalDock - INFO -  MONTE CARLO STEP    5
2025-02-07 10:02:51,618 - MetalDock - INFO - #==============================================================================#
2025-02-07 10:03:01,807 - MetalDock - INFO - #------------------------------------#
2025-02-07 10:03:01,807 - MetalDock - INFO - compound_1
2025-02-07 10:03:01,807 - MetalDock - INFO - #------------------------------------#
2025-02-07 10:03:01,807 - MetalDock - INFO - RMSD for Conformation   1 =   5.6460
2025-02-07 10:03:01,807 - MetalDock - INFO - Average RMSD              =   5.6460
2025-02-07 10:03:01,807 - MetalDock - INFO - Standard Deviation RMSD   =   0.0000
2025-02-07 10:03:01,807 - MetalDock - INFO - Variance RMSD             =   0.0000

2025-02-07 10:03:01,808 - MetalDock - INFO - RMSD: 5.64597
2025-02-07 10:03:01,808 - MetalDock - INFO - PARAMETER SET: [3.8678491600866174, 4.179218869680203, 0.8559790579597403, 4.167340556712971]

2025-02-07 10:03:01,808 - MetalDock - INFO - BEST RMSD: 2.57182
2025-02-07 10:03:01,808 - MetalDock - INFO - BEST PARAMETER SET: [6.071389799835222, 4.179218869680203, 0.8559790579597403, 4.167340556712971]

2025-02-07 10:03:01,808 - MetalDock - INFO - PARAMETER SET DENIED
2025-02-07 10:03:01,808 - MetalDock - INFO - #==============================================================================#
2025-02-07 10:03:01,808 - MetalDock - INFO -  MONTE CARLO STEP    6
2025-02-07 10:03:01,809 - MetalDock - INFO - #==============================================================================#
2025-02-07 10:03:11,837 - MetalDock - INFO - #------------------------------------#
2025-02-07 10:03:11,837 - MetalDock - INFO - compound_1
2025-02-07 10:03:11,837 - MetalDock - INFO - #------------------------------------#
2025-02-07 10:03:11,837 - MetalDock - INFO - RMSD for Conformation   1 =   2.5866
2025-02-07 10:03:11,837 - MetalDock - INFO - Average RMSD              =   2.5866
2025-02-07 10:03:11,837 - MetalDock - INFO - Standard Deviation RMSD   =   0.0000
2025-02-07 10:03:11,837 - MetalDock - INFO - Variance RMSD             =   0.0000

2025-02-07 10:03:11,837 - MetalDock - INFO - RMSD: 2.58663
2025-02-07 10:03:11,838 - MetalDock - INFO - PARAMETER SET: [6.071389799835222, 0.2618217398166768, 0.8559790579597403, 4.167340556712971]

2025-02-07 10:03:11,838 - MetalDock - INFO - BEST RMSD: 2.57182
2025-02-07 10:03:11,838 - MetalDock - INFO - BEST PARAMETER SET: [6.071389799835222, 4.179218869680203, 0.8559790579597403, 4.167340556712971]

2025-02-07 10:03:11,838 - MetalDock - INFO - ACCEPTED WITH HIGHER RMSD
2025-02-07 10:03:11,838 - MetalDock - INFO - NEW PARAMETER SET: [6.071389799835222, 0.2618217398166768, 0.8559790579597403, 4.167340556712971]

2025-02-07 10:03:11,839 - MetalDock - INFO - #==============================================================================#
2025-02-07 10:03:11,839 - MetalDock - INFO -  MONTE CARLO STEP    7
2025-02-07 10:03:11,839 - MetalDock - INFO - #==============================================================================#
2025-02-07 10:03:21,938 - MetalDock - INFO - #------------------------------------#
2025-02-07 10:03:21,942 - MetalDock - INFO - compound_1
2025-02-07 10:03:21,942 - MetalDock - INFO - #------------------------------------#
2025-02-07 10:03:21,942 - MetalDock - INFO - RMSD for Conformation   1 =   2.6040
2025-02-07 10:03:21,942 - MetalDock - INFO - Average RMSD              =   2.6040
2025-02-07 10:03:21,942 - MetalDock - INFO - Standard Deviation RMSD   =   0.0000
2025-02-07 10:03:21,942 - MetalDock - INFO - Variance RMSD             =   0.0000

2025-02-07 10:03:21,942 - MetalDock - INFO - RMSD: 2.60403
2025-02-07 10:03:21,942 - MetalDock - INFO - PARAMETER SET: [6.071389799835222, 0.2618217398166768, 0.5859959140001877, 4.167340556712971]

2025-02-07 10:03:21,942 - MetalDock - INFO - BEST RMSD: 2.58663
2025-02-07 10:03:21,942 - MetalDock - INFO - BEST PARAMETER SET: [6.071389799835222, 0.2618217398166768, 0.8559790579597403, 4.167340556712971]

2025-02-07 10:03:21,943 - MetalDock - INFO - ACCEPTED WITH HIGHER RMSD
2025-02-07 10:03:21,943 - MetalDock - INFO - NEW PARAMETER SET: [6.071389799835222, 0.2618217398166768, 0.5859959140001877, 4.167340556712971]

2025-02-07 10:03:21,944 - MetalDock - INFO - #==============================================================================#
2025-02-07 10:03:21,944 - MetalDock - INFO -  MONTE CARLO STEP    8
2025-02-07 10:03:21,944 - MetalDock - INFO - #==============================================================================#
2025-02-07 10:03:31,962 - MetalDock - INFO - #------------------------------------#
2025-02-07 10:03:31,964 - MetalDock - INFO - compound_1
2025-02-07 10:03:31,964 - MetalDock - INFO - #------------------------------------#
2025-02-07 10:03:31,964 - MetalDock - INFO - RMSD for Conformation   1 =   2.5672
2025-02-07 10:03:31,964 - MetalDock - INFO - Average RMSD              =   2.5672
2025-02-07 10:03:31,964 - MetalDock - INFO - Standard Deviation RMSD   =   0.0000
2025-02-07 10:03:31,964 - MetalDock - INFO - Variance RMSD             =   0.0000

2025-02-07 10:03:31,964 - MetalDock - INFO - RMSD: 2.56717
2025-02-07 10:03:31,964 - MetalDock - INFO - PARAMETER SET: [6.071389799835222, 0.2618217398166768, 0.5859959140001877, 1.982369552366059]

2025-02-07 10:03:31,964 - MetalDock - INFO - BEST RMSD: 2.60403
2025-02-07 10:03:31,964 - MetalDock - INFO - BEST PARAMETER SET: [6.071389799835222, 0.2618217398166768, 0.5859959140001877, 4.167340556712971]

2025-02-07 10:03:31,964 - MetalDock - INFO - PARAMETER SET ACCEPTED
2025-02-07 10:03:31,964 - MetalDock - INFO - NEW BEST PARAMETER SET: [6.071389799835222, 0.2618217398166768, 0.5859959140001877, 1.982369552366059]

2025-02-07 10:03:31,965 - MetalDock - INFO - #==============================================================================#
2025-02-07 10:03:31,965 - MetalDock - INFO -  MONTE CARLO STEP    9
2025-02-07 10:03:31,965 - MetalDock - INFO - #==============================================================================#
2025-02-07 10:03:41,993 - MetalDock - INFO - #------------------------------------#
2025-02-07 10:03:41,996 - MetalDock - INFO - compound_1
2025-02-07 10:03:41,996 - MetalDock - INFO - #------------------------------------#
2025-02-07 10:03:41,996 - MetalDock - INFO - RMSD for Conformation   1 =   2.5595
2025-02-07 10:03:41,996 - MetalDock - INFO - Average RMSD              =   2.5595
2025-02-07 10:03:41,996 - MetalDock - INFO - Standard Deviation RMSD   =   0.0000
2025-02-07 10:03:41,996 - MetalDock - INFO - Variance RMSD             =   0.0000

2025-02-07 10:03:41,996 - MetalDock - INFO - RMSD: 2.55951
2025-02-07 10:03:41,996 - MetalDock - INFO - PARAMETER SET: [6.468445589777184, 0.2618217398166768, 0.5859959140001877, 1.982369552366059]

2025-02-07 10:03:41,996 - MetalDock - INFO - BEST RMSD: 2.56717
2025-02-07 10:03:41,996 - MetalDock - INFO - BEST PARAMETER SET: [6.071389799835222, 0.2618217398166768, 0.5859959140001877, 1.982369552366059]

2025-02-07 10:03:41,996 - MetalDock - INFO - PARAMETER SET ACCEPTED
2025-02-07 10:03:41,996 - MetalDock - INFO - NEW BEST PARAMETER SET: [6.468445589777184, 0.2618217398166768, 0.5859959140001877, 1.982369552366059]

2025-02-07 10:03:41,999 - MetalDock - INFO - #==============================================================================#
2025-02-07 10:03:41,999 - MetalDock - INFO -  MONTE CARLO STEP   10
2025-02-07 10:03:41,999 - MetalDock - INFO - #==============================================================================#
