#==============================================================================#
STARTING METALDOCK
#==============================================================================#

#==============================================================================#
STARTING MONTE CARLO OPTIMIZATION
#==============================================================================#
#------------------------------------#
compound_1
#------------------------------------#
RMSD for Conformation   1 =   5.4984
Average RMSD              =   5.4984
Standard Deviation RMSD   =   0.0000
Variance RMSD             =   0.0000

#==============================================================================#
 MONTE CARLO STEP    1
#==============================================================================#
#------------------------------------#
compound_1
#------------------------------------#
RMSD for Conformation   1 =   2.5490
Average RMSD              =   2.5490
Standard Deviation RMSD   =   0.0000
Variance RMSD             =   0.0000

RMSD: 2.54902
PARAMETER SET: [6.071389799835222, 2, 2, 2]

BEST RMSD: 5.49838
BEST PARAMETER SET: [2, 2, 2, 2]

PARAMETER SET ACCEPTED
NEW BEST PARAMETER SET: [6.071389799835222, 2, 2, 2]

#==============================================================================#
 MONTE CARLO STEP    2
#==============================================================================#
#------------------------------------#
compound_1
#------------------------------------#
RMSD for Conformation   1 =   2.5824
Average RMSD              =   2.5824
Standard Deviation RMSD   =   0.0000
Variance RMSD             =   0.0000

RMSD: 2.58245
PARAMETER SET: [6.071389799835222, 4.179218869680203, 2, 2]

BEST RMSD: 2.54902
BEST PARAMETER SET: [6.071389799835222, 2, 2, 2]

ACCEPTED WITH HIGHER RMSD
NEW PARAMETER SET: [6.071389799835222, 4.179218869680203, 2, 2]

#==============================================================================#
 MONTE CARLO STEP    3
#==============================================================================#
#------------------------------------#
compound_1
#------------------------------------#
RMSD for Conformation   1 =   2.4681
Average RMSD              =   2.4681
Standard Deviation RMSD   =   0.0000
Variance RMSD             =   0.0000

RMSD: 2.46809
PARAMETER SET: [6.071389799835222, 4.179218869680203, 0.8559790579597403, 2]

BEST RMSD: 2.58245
BEST PARAMETER SET: [6.071389799835222, 4.179218869680203, 2, 2]

PARAMETER SET ACCEPTED
NEW BEST PARAMETER SET: [6.071389799835222, 4.179218869680203, 0.8559790579597403, 2]

#==============================================================================#
 MONTE CARLO STEP    4
#==============================================================================#
#------------------------------------#
compound_1
#------------------------------------#
RMSD for Conformation   1 =   2.5718
Average RMSD              =   2.5718
Standard Deviation RMSD   =   0.0000
Variance RMSD             =   0.0000

RMSD: 2.57182
PARAMETER SET: [6.071389799835222, 4.179218869680203, 0.8559790579597403, 4.167340556712971]

BEST RMSD: 2.46809
BEST PARAMETER SET: [6.071389799835222, 4.179218869680203, 0.8559790579597403, 2]

ACCEPTED WITH HIGHER RMSD
NEW PARAMETER SET: [6.071389799835222, 4.179218869680203, 0.8559790579597403, 4.167340556712971]

#==============================================================================#
 MONTE CARLO STEP    5
#==============================================================================#
#------------------------------------#
compound_1
#------------------------------------#
RMSD for Conformation   1 =   5.6460
Average RMSD              =   5.6460
Standard Deviation RMSD   =   0.0000
Variance RMSD             =   0.0000

RMSD: 5.64597
PARAMETER SET: [3.8678491600866174, 4.179218869680203, 0.8559790579597403, 4.167340556712971]

BEST RMSD: 2.57182
BEST PARAMETER SET: [6.071389799835222, 4.179218869680203, 0.8559790579597403, 4.167340556712971]

PARAMETER SET DENIED
#==============================================================================#
 MONTE CARLO STEP    6
#==============================================================================#
#------------------------------------#
compound_1
#------------------------------------#
RMSD for Conformation   1 =   2.5866
Average RMSD              =   2.5866
Standard Deviation RMSD   =   0.0000
Variance RMSD             =   0.0000

RMSD: 2.58663
PARAMETER SET: [6.071389799835222, 0.2618217398166768, 0.8559790579597403, 4.167340556712971]

BEST RMSD: 2.57182
BEST PARAMETER SET: [6.071389799835222, 4.179218869680203, 0.8559790579597403, 4.167340556712971]

ACCEPTED WITH HIGHER RMSD
NEW PARAMETER SET: [6.071389799835222, 0.2618217398166768, 0.8559790579597403, 4.167340556712971]

#==============================================================================#
 MONTE CARLO STEP    7
#==============================================================================#
#------------------------------------#
compound_1
#------------------------------------#
RMSD for Conformation   1 =   2.6040
Average RMSD              =   2.6040
Standard Deviation RMSD   =   0.0000
Variance RMSD             =   0.0000

RMSD: 2.60403
PARAMETER SET: [6.071389799835222, 0.2618217398166768, 0.5859959140001877, 4.167340556712971]

BEST RMSD: 2.58663
BEST PARAMETER SET: [6.071389799835222, 0.2618217398166768, 0.8559790579597403, 4.167340556712971]

ACCEPTED WITH HIGHER RMSD
NEW PARAMETER SET: [6.071389799835222, 0.2618217398166768, 0.5859959140001877, 4.167340556712971]

#==============================================================================#
 MONTE CARLO STEP    8
#==============================================================================#
#------------------------------------#
compound_1
#------------------------------------#
RMSD for Conformation   1 =   2.5672
Average RMSD              =   2.5672
Standard Deviation RMSD   =   0.0000
Variance RMSD             =   0.0000

RMSD: 2.56717
PARAMETER SET: [6.071389799835222, 0.2618217398166768, 0.5859959140001877, 1.982369552366059]

BEST RMSD: 2.60403
BEST PARAMETER SET: [6.071389799835222, 0.2618217398166768, 0.5859959140001877, 4.167340556712971]

PARAMETER SET ACCEPTED
NEW BEST PARAMETER SET: [6.071389799835222, 0.2618217398166768, 0.5859959140001877, 1.982369552366059]

#==============================================================================#
 MONTE CARLO STEP    9
#==============================================================================#
#------------------------------------#
compound_1
#------------------------------------#
RMSD for Conformation   1 =   2.5595
Average RMSD              =   2.5595
Standard Deviation RMSD   =   0.0000
Variance RMSD             =   0.0000

RMSD: 2.55951
PARAMETER SET: [6.468445589777184, 0.2618217398166768, 0.5859959140001877, 1.982369552366059]

BEST RMSD: 2.56717
BEST PARAMETER SET: [6.071389799835222, 0.2618217398166768, 0.5859959140001877, 1.982369552366059]

PARAMETER SET ACCEPTED
NEW BEST PARAMETER SET: [6.468445589777184, 0.2618217398166768, 0.5859959140001877, 1.982369552366059]

#==============================================================================#
 MONTE CARLO STEP   10
#==============================================================================#
slurmstepd: error: *** JOB 9806746 ON tcn1175 CANCELLED AT 2025-02-07T10:03:43 ***

JOB STATISTICS
==============
Job ID: 9806746
Cluster: snellius
User/Group: mhakkennes/mhakkennes
State: CANCELLED (exit code 0)
Nodes: 1
Cores per node: 16
CPU Utilized: 00:00:03
CPU Efficiency: 0.16% of 00:30:40 core-walltime
Job Wall-clock time: 00:01:55
Memory Utilized: 123.20 MB
Memory Efficiency: 0.43% of 28.00 GB
